<?xml version="1.0" encoding="UTF-8"?>
<!-- Generated by org.testng.reporters.JUnitReportReporter -->
<testsuite hostname="DESKTOP-KMGK07R" failures="0" tests="1" name="org.automationtesting.practice.POCXmlizerTest" time="8.159" errors="0" timestamp="2023-05-22T18:19:06 IST" skipped="0">
  <testcase classname="org.automationtesting.practice.POCXmlizerTest" name="launch" time="8.159"/>
  <system-out/>
</testsuite> <!-- org.automationtesting.practice.POCXmlizerTest -->
